[2016-01-26 11:28:10] request.INFO: Matched route "post_letter". {"route_parameters":{"_controller":"hangman.game.controller:postLetterAction","_format":"json","_route":"post_letter"},"request_uri":"http://backend.hangman.nl/letters?letter=z&uuid=327fb40e-7c4e-4f34-89b4-6c2a4e1c9800"} []
[2016-01-26 11:28:10] security.INFO: Populated the TokenStorage with an anonymous Token. [] []
[2016-01-26 11:28:11] request.CRITICAL: Uncaught PHP Exception Symfony\Component\Debug\Exception\UndefinedMethodException: "Attempted to call an undefined method named "getruetAggregateRootId" of class "Hangman\Bundle\Game\Domain\Game\Game". Did you mean to call "getAggregateRootId"?" at /vagrant/src/Hangman/Bundle/Game/Domain/Game/Game.php line 113 {"exception":"[object] (Symfony\\Component\\Debug\\Exception\\UndefinedMethodException(code: 0): Attempted to call an undefined method named \"getruetAggregateRootId\" of class \"Hangman\\Bundle\\Game\\Domain\\Game\\Game\".\nDid you mean to call \"getAggregateRootId\"? at /vagrant/src/Hangman/Bundle/Game/Domain/Game/Game.php:113)"} []
[2016-01-26 11:45:14] request.INFO: Matched route "post_letter". {"route_parameters":{"_controller":"hangman.game.controller:postLetterAction","_format":"json","_route":"post_letter"},"request_uri":"http://backend.hangman.nl/letters?letter=i&uuid=327fb40e-7c4e-4f34-89b4-6c2a4e1c9800"} []
[2016-01-26 11:45:14] security.INFO: Populated the TokenStorage with an anonymous Token. [] []
[2016-01-26 11:45:15] request.CRITICAL: Uncaught PHP Exception Symfony\Component\Debug\Exception\UndefinedMethodException: "Attempted to call an undefined method named "setStatus" of class "Hangman\Bundle\Game\ReadModel\Game"." at /vagrant/src/Hangman/Bundle/Game/ReadModel/GameProjector.php line 73 {"exception":"[object] (Symfony\\Component\\Debug\\Exception\\UndefinedMethodException(code: 0): Attempted to call an undefined method named \"setStatus\" of class \"Hangman\\Bundle\\Game\\ReadModel\\Game\". at /vagrant/src/Hangman/Bundle/Game/ReadModel/GameProjector.php:73)"} []
[2016-01-26 11:46:31] request.INFO: Matched route "post_wordlength". {"route_parameters":{"_controller":"hangman.game.controller:postWordlengthAction","_format":"json","_route":"post_wordlength"},"request_uri":"http://backend.hangman.nl/wordlengths?uuid=0"} []
[2016-01-26 11:46:31] request.INFO: Matched route "get_letter_submitted". {"route_parameters":{"_controller":"hangman.game.controller:getLetterSubmittedAction","_format":"json","uuid":"0","_route":"get_letter_submitted"},"request_uri":"http://backend.hangman.nl/letters/0/submitted"} []
[2016-01-26 11:46:31] security.INFO: Populated the TokenStorage with an anonymous Token. [] []
[2016-01-26 11:46:31] security.INFO: Populated the TokenStorage with an anonymous Token. [] []
[2016-01-26 11:46:32] request.ERROR: Uncaught PHP Exception Symfony\Component\HttpKernel\Exception\NotFoundHttpException: "No game found" at /vagrant/src/Hangman/Bundle/Controller/GameController.php line 137 {"exception":"[object] (Symfony\\Component\\HttpKernel\\Exception\\NotFoundHttpException(code: 0): No game found at /vagrant/src/Hangman/Bundle/Controller/GameController.php:137)"} []
[2016-01-26 11:46:32] request.ERROR: Uncaught PHP Exception Symfony\Component\HttpKernel\Exception\NotFoundHttpException: "No game found" at /vagrant/src/Hangman/Bundle/Controller/GameController.php line 172 {"exception":"[object] (Symfony\\Component\\HttpKernel\\Exception\\NotFoundHttpException(code: 0): No game found at /vagrant/src/Hangman/Bundle/Controller/GameController.php:172)"} []
[2016-01-26 11:48:51] request.INFO: Matched route "post_wordlength". {"route_parameters":{"_controller":"hangman.game.controller:postWordlengthAction","_format":"json","_route":"post_wordlength"},"request_uri":"http://backend.hangman.nl/wordlengths?uuid=0"} []
[2016-01-26 11:48:51] security.INFO: Populated the TokenStorage with an anonymous Token. [] []
[2016-01-26 11:48:51] request.ERROR: Uncaught PHP Exception Symfony\Component\HttpKernel\Exception\NotFoundHttpException: "No game found" at /vagrant/src/Hangman/Bundle/Controller/GameController.php line 172 {"exception":"[object] (Symfony\\Component\\HttpKernel\\Exception\\NotFoundHttpException(code: 0): No game found at /vagrant/src/Hangman/Bundle/Controller/GameController.php:172)"} []
[2016-01-26 11:48:51] request.INFO: Matched route "get_letter_submitted". {"route_parameters":{"_controller":"hangman.game.controller:getLetterSubmittedAction","_format":"json","uuid":"0","_route":"get_letter_submitted"},"request_uri":"http://backend.hangman.nl/letters/0/submitted"} []
[2016-01-26 11:48:51] security.INFO: Populated the TokenStorage with an anonymous Token. [] []
[2016-01-26 11:48:51] request.ERROR: Uncaught PHP Exception Symfony\Component\HttpKernel\Exception\NotFoundHttpException: "No game found" at /vagrant/src/Hangman/Bundle/Controller/GameController.php line 137 {"exception":"[object] (Symfony\\Component\\HttpKernel\\Exception\\NotFoundHttpException(code: 0): No game found at /vagrant/src/Hangman/Bundle/Controller/GameController.php:137)"} []
[2016-01-26 11:48:54] request.INFO: Matched route "post_wordlength". {"route_parameters":{"_controller":"hangman.game.controller:postWordlengthAction","_format":"json","_route":"post_wordlength"},"request_uri":"http://backend.hangman.nl/wordlengths?uuid=0"} []
[2016-01-26 11:48:54] security.INFO: Populated the TokenStorage with an anonymous Token. [] []
[2016-01-26 11:48:55] request.ERROR: Uncaught PHP Exception Symfony\Component\HttpKernel\Exception\NotFoundHttpException: "No game found" at /vagrant/src/Hangman/Bundle/Controller/GameController.php line 172 {"exception":"[object] (Symfony\\Component\\HttpKernel\\Exception\\NotFoundHttpException(code: 0): No game found at /vagrant/src/Hangman/Bundle/Controller/GameController.php:172)"} []
[2016-01-26 11:48:54] request.INFO: Matched route "get_letter_submitted". {"route_parameters":{"_controller":"hangman.game.controller:getLetterSubmittedAction","_format":"json","uuid":"0","_route":"get_letter_submitted"},"request_uri":"http://backend.hangman.nl/letters/0/submitted"} []
[2016-01-26 11:48:54] security.INFO: Populated the TokenStorage with an anonymous Token. [] []
[2016-01-26 11:48:55] request.ERROR: Uncaught PHP Exception Symfony\Component\HttpKernel\Exception\NotFoundHttpException: "No game found" at /vagrant/src/Hangman/Bundle/Controller/GameController.php line 137 {"exception":"[object] (Symfony\\Component\\HttpKernel\\Exception\\NotFoundHttpException(code: 0): No game found at /vagrant/src/Hangman/Bundle/Controller/GameController.php:137)"} []
[2016-01-26 12:20:57] request.INFO: Matched route "post_wordlength". {"route_parameters":{"_controller":"hangman.game.controller:postWordlengthAction","_format":"json","_route":"post_wordlength"},"request_uri":"http://backend.hangman.nl/wordlengths?uuid=0"} []
[2016-01-26 12:20:57] security.INFO: Populated the TokenStorage with an anonymous Token. [] []
[2016-01-26 12:20:58] request.ERROR: Uncaught PHP Exception Symfony\Component\HttpKernel\Exception\NotFoundHttpException: "No game found" at /vagrant/src/Hangman/Bundle/Controller/GameController.php line 172 {"exception":"[object] (Symfony\\Component\\HttpKernel\\Exception\\NotFoundHttpException(code: 0): No game found at /vagrant/src/Hangman/Bundle/Controller/GameController.php:172)"} []
[2016-01-26 12:20:57] request.INFO: Matched route "get_letter_submitted". {"route_parameters":{"_controller":"hangman.game.controller:getLetterSubmittedAction","_format":"json","uuid":"0","_route":"get_letter_submitted"},"request_uri":"http://backend.hangman.nl/letters/0/submitted"} []
[2016-01-26 12:20:57] security.INFO: Populated the TokenStorage with an anonymous Token. [] []
[2016-01-26 12:20:58] request.ERROR: Uncaught PHP Exception Symfony\Component\HttpKernel\Exception\NotFoundHttpException: "No game found" at /vagrant/src/Hangman/Bundle/Controller/GameController.php line 137 {"exception":"[object] (Symfony\\Component\\HttpKernel\\Exception\\NotFoundHttpException(code: 0): No game found at /vagrant/src/Hangman/Bundle/Controller/GameController.php:137)"} []
[2016-01-26 12:21:18] request.ERROR: Uncaught PHP Exception Symfony\Component\HttpKernel\Exception\MethodNotAllowedHttpException: "No route found for "GET /wordlengths": Method Not Allowed (Allow: POST)" at /vagrant/app/cache/prod/classes.php line 2602 {"exception":"[object] (Symfony\\Component\\HttpKernel\\Exception\\MethodNotAllowedHttpException(code: 0): No route found for \"GET /wordlengths\": Method Not Allowed (Allow: POST) at /vagrant/app/cache/prod/classes.php:2602, Symfony\\Component\\Routing\\Exception\\MethodNotAllowedException(code: 0):  at /vagrant/app/cache/prod/appProdUrlMatcher.php:88)"} []
[2016-01-26 12:22:24] request.INFO: Matched route "post_wordlength". {"route_parameters":{"_controller":"hangman.game.controller:postWordlengthAction","_format":"json","_route":"post_wordlength"},"request_uri":"http://backend.hangman.nl/wordlengths?uuid=0"} []
[2016-01-26 12:22:24] security.INFO: Populated the TokenStorage with an anonymous Token. [] []
[2016-01-26 12:22:24] request.ERROR: Uncaught PHP Exception Symfony\Component\HttpKernel\Exception\NotFoundHttpException: "No game found" at /vagrant/src/Hangman/Bundle/Controller/GameController.php line 172 {"exception":"[object] (Symfony\\Component\\HttpKernel\\Exception\\NotFoundHttpException(code: 0): No game found at /vagrant/src/Hangman/Bundle/Controller/GameController.php:172)"} []
[2016-01-26 12:22:24] request.INFO: Matched route "get_letter_submitted". {"route_parameters":{"_controller":"hangman.game.controller:getLetterSubmittedAction","_format":"json","uuid":"0","_route":"get_letter_submitted"},"request_uri":"http://backend.hangman.nl/letters/0/submitted"} []
[2016-01-26 12:22:24] security.INFO: Populated the TokenStorage with an anonymous Token. [] []
[2016-01-26 12:22:24] request.ERROR: Uncaught PHP Exception Symfony\Component\HttpKernel\Exception\NotFoundHttpException: "No game found" at /vagrant/src/Hangman/Bundle/Controller/GameController.php line 137 {"exception":"[object] (Symfony\\Component\\HttpKernel\\Exception\\NotFoundHttpException(code: 0): No game found at /vagrant/src/Hangman/Bundle/Controller/GameController.php:137)"} []
[2016-01-26 12:23:35] request.INFO: Matched route "get_letter_submitted". {"route_parameters":{"_controller":"hangman.game.controller:getLetterSubmittedAction","_format":"json","uuid":"0","_route":"get_letter_submitted"},"request_uri":"http://backend.hangman.nl/letters/0/submitted"} []
[2016-01-26 12:23:35] security.INFO: Populated the TokenStorage with an anonymous Token. [] []
[2016-01-26 12:23:36] request.ERROR: Uncaught PHP Exception Symfony\Component\HttpKernel\Exception\NotFoundHttpException: "No game found" at /vagrant/src/Hangman/Bundle/Controller/GameController.php line 137 {"exception":"[object] (Symfony\\Component\\HttpKernel\\Exception\\NotFoundHttpException(code: 0): No game found at /vagrant/src/Hangman/Bundle/Controller/GameController.php:137)"} []
[2016-01-26 12:23:35] request.INFO: Matched route "post_wordlength". {"route_parameters":{"_controller":"hangman.game.controller:postWordlengthAction","_format":"json","_route":"post_wordlength"},"request_uri":"http://backend.hangman.nl/wordlengths?uuid=0"} []
[2016-01-26 12:23:35] security.INFO: Populated the TokenStorage with an anonymous Token. [] []
[2016-01-26 12:23:36] request.ERROR: Uncaught PHP Exception Symfony\Component\HttpKernel\Exception\NotFoundHttpException: "No game found" at /vagrant/src/Hangman/Bundle/Controller/GameController.php line 172 {"exception":"[object] (Symfony\\Component\\HttpKernel\\Exception\\NotFoundHttpException(code: 0): No game found at /vagrant/src/Hangman/Bundle/Controller/GameController.php:172)"} []
[2016-01-26 12:30:05] request.INFO: Matched route "post_wordlength". {"route_parameters":{"_controller":"hangman.game.controller:postWordlengthAction","_format":"json","_route":"post_wordlength"},"request_uri":"http://backend.hangman.nl/wordlengths?uuid=1"} []
[2016-01-26 12:30:05] security.INFO: Populated the TokenStorage with an anonymous Token. [] []
[2016-01-26 12:30:06] request.ERROR: Uncaught PHP Exception Symfony\Component\HttpKernel\Exception\NotFoundHttpException: "No game found" at /vagrant/src/Hangman/Bundle/Controller/GameController.php line 172 {"exception":"[object] (Symfony\\Component\\HttpKernel\\Exception\\NotFoundHttpException(code: 0): No game found at /vagrant/src/Hangman/Bundle/Controller/GameController.php:172)"} []
[2016-01-26 12:30:05] request.INFO: Matched route "get_letter_submitted". {"route_parameters":{"_controller":"hangman.game.controller:getLetterSubmittedAction","_format":"json","uuid":"1","_route":"get_letter_submitted"},"request_uri":"http://backend.hangman.nl/letters/1/submitted"} []
[2016-01-26 12:30:05] security.INFO: Populated the TokenStorage with an anonymous Token. [] []
[2016-01-26 12:30:06] request.ERROR: Uncaught PHP Exception Symfony\Component\HttpKernel\Exception\NotFoundHttpException: "No game found" at /vagrant/src/Hangman/Bundle/Controller/GameController.php line 137 {"exception":"[object] (Symfony\\Component\\HttpKernel\\Exception\\NotFoundHttpException(code: 0): No game found at /vagrant/src/Hangman/Bundle/Controller/GameController.php:137)"} []
[2016-01-26 12:30:19] request.INFO: Matched route "get_letter_submitted". {"route_parameters":{"_controller":"hangman.game.controller:getLetterSubmittedAction","_format":"json","uuid":"1","_route":"get_letter_submitted"},"request_uri":"http://backend.hangman.nl/letters/1/submitted"} []
[2016-01-26 12:30:19] security.INFO: Populated the TokenStorage with an anonymous Token. [] []
[2016-01-26 12:30:19] request.ERROR: Uncaught PHP Exception Symfony\Component\HttpKernel\Exception\NotFoundHttpException: "No game found" at /vagrant/src/Hangman/Bundle/Controller/GameController.php line 137 {"exception":"[object] (Symfony\\Component\\HttpKernel\\Exception\\NotFoundHttpException(code: 0): No game found at /vagrant/src/Hangman/Bundle/Controller/GameController.php:137)"} []
[2016-01-26 12:30:19] request.INFO: Matched route "post_wordlength". {"route_parameters":{"_controller":"hangman.game.controller:postWordlengthAction","_format":"json","_route":"post_wordlength"},"request_uri":"http://backend.hangman.nl/wordlengths?uuid=1"} []
[2016-01-26 12:30:19] security.INFO: Populated the TokenStorage with an anonymous Token. [] []
[2016-01-26 12:30:19] request.ERROR: Uncaught PHP Exception Symfony\Component\HttpKernel\Exception\NotFoundHttpException: "No game found" at /vagrant/src/Hangman/Bundle/Controller/GameController.php line 172 {"exception":"[object] (Symfony\\Component\\HttpKernel\\Exception\\NotFoundHttpException(code: 0): No game found at /vagrant/src/Hangman/Bundle/Controller/GameController.php:172)"} []
[2016-01-26 12:30:39] request.INFO: Matched route "post_wordlength". {"route_parameters":{"_controller":"hangman.game.controller:postWordlengthAction","_format":"json","_route":"post_wordlength"},"request_uri":"http://backend.hangman.nl/wordlengths"} []
[2016-01-26 12:30:39] security.INFO: Populated the TokenStorage with an anonymous Token. [] []
[2016-01-26 12:30:40] request.ERROR: Uncaught PHP Exception Symfony\Component\HttpKernel\Exception\NotFoundHttpException: "No game found" at /vagrant/src/Hangman/Bundle/Controller/GameController.php line 172 {"exception":"[object] (Symfony\\Component\\HttpKernel\\Exception\\NotFoundHttpException(code: 0): No game found at /vagrant/src/Hangman/Bundle/Controller/GameController.php:172)"} []
[2016-01-26 12:30:39] request.INFO: Matched route "get_letter_submitted". {"route_parameters":{"_controller":"hangman.game.controller:getLetterSubmittedAction","_format":"json","uuid":"undefined","_route":"get_letter_submitted"},"request_uri":"http://backend.hangman.nl/letters/undefined/submitted"} []
[2016-01-26 12:30:39] security.INFO: Populated the TokenStorage with an anonymous Token. [] []
[2016-01-26 12:30:40] request.ERROR: Uncaught PHP Exception Symfony\Component\HttpKernel\Exception\NotFoundHttpException: "No game found" at /vagrant/src/Hangman/Bundle/Controller/GameController.php line 137 {"exception":"[object] (Symfony\\Component\\HttpKernel\\Exception\\NotFoundHttpException(code: 0): No game found at /vagrant/src/Hangman/Bundle/Controller/GameController.php:137)"} []
[2016-01-26 16:34:39] request.INFO: Matched route "get_letter_submitted". {"route_parameters":{"_controller":"hangman.game.controller:getLetterSubmittedAction","_format":"json","uuid":"1","_route":"get_letter_submitted"},"request_uri":"http://backend.hangman.nl/letters/1/submitted"} []
[2016-01-26 16:34:39] security.INFO: Populated the TokenStorage with an anonymous Token. [] []
[2016-01-26 16:34:39] request.ERROR: Uncaught PHP Exception Symfony\Component\HttpKernel\Exception\NotFoundHttpException: "No game found" at /vagrant/src/Hangman/Bundle/Controller/GameController.php line 137 {"exception":"[object] (Symfony\\Component\\HttpKernel\\Exception\\NotFoundHttpException(code: 0): No game found at /vagrant/src/Hangman/Bundle/Controller/GameController.php:137)"} []
[2016-01-26 16:59:23] request.INFO: Matched route "get_letter_submitted". {"route_parameters":{"_controller":"hangman.game.controller:getLetterSubmittedAction","_format":"json","uuid":"1","_route":"get_letter_submitted"},"request_uri":"http://backend.hangman.nl/letters/1/submitted"} []
[2016-01-26 16:59:23] security.INFO: Populated the TokenStorage with an anonymous Token. [] []
[2016-01-26 16:59:24] request.ERROR: Uncaught PHP Exception Symfony\Component\HttpKernel\Exception\NotFoundHttpException: "No game found" at /vagrant/src/Hangman/Bundle/Controller/GameController.php line 137 {"exception":"[object] (Symfony\\Component\\HttpKernel\\Exception\\NotFoundHttpException(code: 0): No game found at /vagrant/src/Hangman/Bundle/Controller/GameController.php:137)"} []
[2016-01-26 17:01:03] request.INFO: Matched route "get_letter_submitted". {"route_parameters":{"_controller":"hangman.game.controller:getLetterSubmittedAction","_format":"json","uuid":"1","_route":"get_letter_submitted"},"request_uri":"http://backend.hangman.nl/letters/1/submitted"} []
[2016-01-26 17:01:03] security.INFO: Populated the TokenStorage with an anonymous Token. [] []
[2016-01-26 17:01:04] request.ERROR: Uncaught PHP Exception Symfony\Component\HttpKernel\Exception\NotFoundHttpException: "No game found" at /vagrant/src/Hangman/Bundle/Controller/GameController.php line 137 {"exception":"[object] (Symfony\\Component\\HttpKernel\\Exception\\NotFoundHttpException(code: 0): No game found at /vagrant/src/Hangman/Bundle/Controller/GameController.php:137)"} []
[2016-01-26 17:06:01] request.INFO: Matched route "get_letter_submitted". {"route_parameters":{"_controller":"hangman.game.controller:getLetterSubmittedAction","_format":"json","uuid":"1","_route":"get_letter_submitted"},"request_uri":"http://backend.hangman.nl/letters/1/submitted"} []
[2016-01-26 17:06:01] security.INFO: Populated the TokenStorage with an anonymous Token. [] []
[2016-01-26 17:06:02] request.ERROR: Uncaught PHP Exception Symfony\Component\HttpKernel\Exception\NotFoundHttpException: "No game found" at /vagrant/src/Hangman/Bundle/Controller/GameController.php line 137 {"exception":"[object] (Symfony\\Component\\HttpKernel\\Exception\\NotFoundHttpException(code: 0): No game found at /vagrant/src/Hangman/Bundle/Controller/GameController.php:137)"} []
[2016-01-26 17:09:26] request.INFO: Matched route "get_letter_submitted". {"route_parameters":{"_controller":"hangman.game.controller:getLetterSubmittedAction","_format":"json","uuid":"1","_route":"get_letter_submitted"},"request_uri":"http://backend.hangman.nl/letters/1/submitted"} []
[2016-01-26 17:09:26] security.INFO: Populated the TokenStorage with an anonymous Token. [] []
[2016-01-26 17:09:26] request.ERROR: Uncaught PHP Exception Symfony\Component\HttpKernel\Exception\NotFoundHttpException: "No game found" at /vagrant/src/Hangman/Bundle/Controller/GameController.php line 137 {"exception":"[object] (Symfony\\Component\\HttpKernel\\Exception\\NotFoundHttpException(code: 0): No game found at /vagrant/src/Hangman/Bundle/Controller/GameController.php:137)"} []
[2016-01-26 17:34:22] request.INFO: Matched route "get_letter_submitted". {"route_parameters":{"_controller":"hangman.game.controller:getLetterSubmittedAction","_format":"json","uuid":"1","_route":"get_letter_submitted"},"request_uri":"http://backend.hangman.nl/letters/1/submitted"} []
[2016-01-26 17:34:22] security.INFO: Populated the TokenStorage with an anonymous Token. [] []
[2016-01-26 17:34:23] request.ERROR: Uncaught PHP Exception Symfony\Component\HttpKernel\Exception\NotFoundHttpException: "No game found" at /vagrant/src/Hangman/Bundle/Controller/GameController.php line 137 {"exception":"[object] (Symfony\\Component\\HttpKernel\\Exception\\NotFoundHttpException(code: 0): No game found at /vagrant/src/Hangman/Bundle/Controller/GameController.php:137)"} []
[2016-01-26 17:41:40] request.INFO: Matched route "get_letter_submitted". {"route_parameters":{"_controller":"hangman.game.controller:getLetterSubmittedAction","_format":"json","uuid":"1","_route":"get_letter_submitted"},"request_uri":"http://backend.hangman.nl/letters/1/submitted"} []
[2016-01-26 17:41:40] security.INFO: Populated the TokenStorage with an anonymous Token. [] []
[2016-01-26 17:41:40] request.ERROR: Uncaught PHP Exception Symfony\Component\HttpKernel\Exception\NotFoundHttpException: "No game found" at /vagrant/src/Hangman/Bundle/Controller/GameController.php line 137 {"exception":"[object] (Symfony\\Component\\HttpKernel\\Exception\\NotFoundHttpException(code: 0): No game found at /vagrant/src/Hangman/Bundle/Controller/GameController.php:137)"} []
[2016-01-26 17:51:52] request.INFO: Matched route "get_letter_submitted". {"route_parameters":{"_controller":"hangman.game.controller:getLetterSubmittedAction","_format":"json","uuid":"1","_route":"get_letter_submitted"},"request_uri":"http://backend.hangman.nl/letters/1/submitted"} []
[2016-01-26 17:51:52] security.INFO: Populated the TokenStorage with an anonymous Token. [] []
[2016-01-26 17:51:52] request.ERROR: Uncaught PHP Exception Symfony\Component\HttpKernel\Exception\NotFoundHttpException: "No game found" at /vagrant/src/Hangman/Bundle/Controller/GameController.php line 137 {"exception":"[object] (Symfony\\Component\\HttpKernel\\Exception\\NotFoundHttpException(code: 0): No game found at /vagrant/src/Hangman/Bundle/Controller/GameController.php:137)"} []
[2016-01-26 17:52:47] request.INFO: Matched route "get_letter_submitted". {"route_parameters":{"_controller":"hangman.game.controller:getLetterSubmittedAction","_format":"json","uuid":"1","_route":"get_letter_submitted"},"request_uri":"http://backend.hangman.nl/letters/1/submitted"} []
[2016-01-26 17:52:47] security.INFO: Populated the TokenStorage with an anonymous Token. [] []
[2016-01-26 17:52:48] request.ERROR: Uncaught PHP Exception Symfony\Component\HttpKernel\Exception\NotFoundHttpException: "No game found" at /vagrant/src/Hangman/Bundle/Controller/GameController.php line 137 {"exception":"[object] (Symfony\\Component\\HttpKernel\\Exception\\NotFoundHttpException(code: 0): No game found at /vagrant/src/Hangman/Bundle/Controller/GameController.php:137)"} []
[2016-01-26 17:53:37] request.INFO: Matched route "get_letter_submitted". {"route_parameters":{"_controller":"hangman.game.controller:getLetterSubmittedAction","_format":"json","uuid":"1","_route":"get_letter_submitted"},"request_uri":"http://backend.hangman.nl/letters/1/submitted"} []
[2016-01-26 17:53:37] security.INFO: Populated the TokenStorage with an anonymous Token. [] []
[2016-01-26 17:53:37] request.ERROR: Uncaught PHP Exception Symfony\Component\HttpKernel\Exception\NotFoundHttpException: "No game found" at /vagrant/src/Hangman/Bundle/Controller/GameController.php line 137 {"exception":"[object] (Symfony\\Component\\HttpKernel\\Exception\\NotFoundHttpException(code: 0): No game found at /vagrant/src/Hangman/Bundle/Controller/GameController.php:137)"} []
